<?xml version="1.0" encoding="UTF-8"?>
<!-- Generated by org.testng.reporters.JUnitReportReporter -->
<testsuite hostname="DESKTOP-430UODD" name="selenium.testng.demo.DemoTestNG" tests="2" failures="0" timestamp="29 Aug 2020 05:48:04 GMT" time="129.074" errors="0">
  <testcase name="firstTest" time="35.602" classname="selenium.testng.demo.DemoTestNG"/>
  <testcase name="secondTest" time="93.472" classname="selenium.testng.demo.DemoTestNG"/>
</testsuite> <!-- selenium.testng.demo.DemoTestNG -->
