<?xml version="1.0" encoding="UTF-8"?>
<!-- Generated by org.testng.reporters.JUnitReportReporter -->
<testsuite name="ajit.base.TestNG.LaunchBrowser" tests="2" time="8.099" ignored="0" failures="0" timestamp="29 Aug 2020 05:26:23 GMT" skipped="0" hostname="DIN60015408" errors="0">
  <testcase name="Setup" time="8.085" classname="ajit.base.TestNG.LaunchBrowser"/>
  <testcase name="SecondTest" time="0.014" classname="ajit.base.TestNG.LaunchBrowser"/>
</testsuite> <!-- ajit.base.TestNG.LaunchBrowser -->
